Arguments: 
  /usr/local/bin/node /opt/homebrew/Cellar/yarn/1.22.19/libexec/bin/yarn.js

PATH: 
  /Users/tutdeputraw/Documents/google-cloud-sdk/bin:/Users/tutdeputraw/Library/Android/sdk/tools:/Users/tutdeputraw/Library/Android/sdk/tools/bin:/Users/tutdeputraw/Library/Android/sdk/platform-tools:/opt/homebrew/bin:/opt/homebrew/sbin:/usr/local/bin:/usr/bin:/bin:/usr/sbin:/sbin:/usr/local/go/bin:/Library/Apple/usr/bin:/Users/tutdeputraw/Documents/google-cloud-sdk/bin:/Users/tutdeputraw/Library/Android/sdk/tools:/Users/tutdeputraw/Library/Android/sdk/tools/bin:/Users/tutdeputraw/Library/Android/sdk/platform-tools:/opt/homebrew/bin:/opt/homebrew/sbin:/Users/tutdeputraw/Development/flutter332/bin:/Users/tutdeputraw/bin/cache/dart-sdk/bin:/Users/tutdeputraw/.pub-cache/bin:/Users/tutdeputraw/Documents/Learn/Hyperledger-Fabric/fabric-samples/bin:/Users/tutdeputraw/Development/flutter332/bin:/Users/tutdeputraw/bin/cache/dart-sdk/bin:/Users/tutdeputraw/.pub-cache/bin:/bin:/Users/tutdeputraw/Documents/Learn/Hyperledger-Fabric/fabric-samples/bin

Yarn version: 
  1.22.19

Node version: 
  16.15.1

Platform: 
  darwin arm64

Trace: 
  SyntaxError: /Users/tutdeputraw/Documents/School/cloud/final-project/v2/backend/package.json: Unexpected string in JSON at position 362
      at JSON.parse (<anonymous>)
      at /opt/homebrew/Cellar/yarn/1.22.19/libexec/lib/cli.js:1629:59
      at Generator.next (<anonymous>)
      at step (/opt/homebrew/Cellar/yarn/1.22.19/libexec/lib/cli.js:310:30)
      at /opt/homebrew/Cellar/yarn/1.22.19/libexec/lib/cli.js:321:13

npm manifest: 
  {
    "name": "backend",
    "version": "1.0.0",
    "main": "index.js",
    "license": "MIT",
    "scripts": {
      "start:api": "npx sequelize-cli db:migrate --env development && npx nodemon app.js"
    },
    "dependencies": {
      "cors": "^2.8.5",
      "express": "^4.18.2",
      "mysql2": "^3.3.3",
      "node": "^20.2.0",
      "nodemon": "^2.0.22",
      "sequelize": "^6.32.0""sequelize-cli": "^6.6.0"
    }
  }

yarn manifest: 
  No manifest

Lockfile: 
  No lockfile
